c:\users\dboth\onedrive\desktop\github\gec-work\gec work\week 2\debug\vc142.pdb
c:\users\dboth\onedrive\desktop\github\gec-work\gec work\week 2\debug\vc142.idb
c:\users\dboth\onedrive\desktop\github\gec-work\gec work\week 2\debug\program9_trueandfalse.obj
c:\users\dboth\onedrive\desktop\github\gec-work\gec work\week 2\debug\program8_pi.obj
c:\users\dboth\onedrive\desktop\github\gec-work\gec work\week 2\debug\program7_converting.obj
c:\users\dboth\onedrive\desktop\github\gec-work\gec work\week 2\debug\program6_incrementdecrement.obj
c:\users\dboth\onedrive\desktop\github\gec-work\gec work\week 2\debug\program6_area.obj
c:\users\dboth\onedrive\desktop\github\gec-work\gec work\week 2\debug\program4_userdefinedvars.obj
c:\users\dboth\onedrive\desktop\github\gec-work\gec work\week 2\debug\program3_definingvariables.obj
c:\users\dboth\onedrive\desktop\github\gec-work\gec work\week 2\debug\program2_datatypesize.obj
c:\users\dboth\onedrive\desktop\github\gec-work\gec work\debug\week 2.pdb
c:\users\dboth\onedrive\desktop\github\gec-work\gec work\week 2\debug\week 2.tlog\cl.command.1.tlog
c:\users\dboth\onedrive\desktop\github\gec-work\gec work\week 2\debug\week 2.tlog\cl.read.1.tlog
c:\users\dboth\onedrive\desktop\github\gec-work\gec work\week 2\debug\week 2.tlog\cl.write.1.tlog
c:\users\dboth\onedrive\desktop\github\gec-work\gec work\week 2\debug\week 2.tlog\link-cvtres.read.1.tlog
c:\users\dboth\onedrive\desktop\github\gec-work\gec work\week 2\debug\week 2.tlog\link-cvtres.write.1.tlog
c:\users\dboth\onedrive\desktop\github\gec-work\gec work\week 2\debug\week 2.tlog\link-rc.read.1.tlog
c:\users\dboth\onedrive\desktop\github\gec-work\gec work\week 2\debug\week 2.tlog\link-rc.write.1.tlog
c:\users\dboth\onedrive\desktop\github\gec-work\gec work\week 2\debug\week 2.tlog\link.command.1.tlog
c:\users\dboth\onedrive\desktop\github\gec-work\gec work\week 2\debug\week 2.tlog\link.read.1.tlog
c:\users\dboth\onedrive\desktop\github\gec-work\gec work\week 2\debug\week 2.tlog\link.write.1.tlog
